23:02:43 **** Incremental Build of configuration Debug for project trabajoPractico1 ****
Info: Internal Builder is used for build
gcc -o trabajoPractico1.exe "src\\Menu.o" "src\\calculos.o" "src\\trabajoPractico1.o" 
c:/mingw/bin/../lib/gcc/mingw32/9.2.0/../../../../mingw32/bin/ld.exe: cannot open output file trabajoPractico1.exe: Permission denied
collect2.exe: error: ld returned 1 exit status
23:03:10 **** Incremental Build of configuration Debug for project trabajoPractico1 ****
Info: Internal Builder is used for build
gcc -o trabajoPractico1.exe "src\\Menu.o" "src\\calculos.o" "src\\trabajoPractico1.o" 
c:/mingw/bin/../lib/gcc/mingw32/9.2.0/../../../../mingw32/bin/ld.exe: cannot open output file trabajoPractico1.exe: Permission denied
collect2.exe: error: ld returned 1 exit status
23:05:29 **** Incremental Build of configuration Debug for project trabajoPractico1 ****
Info: Internal Builder is used for build
gcc -O0 -g3 -Wall -c -fmessage-length=0 -o "src\\Menu.o" "..\\src\\Menu.c" 
gcc -o trabajoPractico1.exe "src\\Menu.o" "src\\calculos.o" "src\\trabajoPractico1.o" 
c:/mingw/bin/../lib/gcc/mingw32/9.2.0/../../../../mingw32/bin/ld.exe: cannot open output file trabajoPractico1.exe: Permission denied
collect2.exe: error: ld returned 1 exit status
23:05:30 **** Incremental Build of configuration Debug for project trabajoPractico1 ****
Info: Internal Builder is used for build
gcc -o trabajoPractico1.exe "src\\Menu.o" "src\\calculos.o" "src\\trabajoPractico1.o" 
23:07:15 **** Incremental Build of configuration Debug for project trabajoPractico1 ****
Info: Internal Builder is used for build
gcc -O0 -g3 -Wall -c -fmessage-length=0 -o "src\\Menu.o" "..\\src\\Menu.c" 
gcc -o trabajoPractico1.exe "src\\Menu.o" "src\\calculos.o" "src\\trabajoPractico1.o" 
c:/mingw/bin/../lib/gcc/mingw32/9.2.0/../../../../mingw32/bin/ld.exe: cannot open output file trabajoPractico1.exe: Permission denied
collect2.exe: error: ld returned 1 exit status
23:07:16 **** Incremental Build of configuration Debug for project trabajoPractico1 ****
Info: Internal Builder is used for build
gcc -o trabajoPractico1.exe "src\\Menu.o" "src\\calculos.o" "src\\trabajoPractico1.o" 
23:13:06 **** Incremental Build of configuration Debug for project trabajoPractico1 ****
Info: Internal Builder is used for build
gcc -O0 -g3 -Wall -c -fmessage-length=0 -o "src\\Menu.o" "..\\src\\Menu.c" 
gcc -o trabajoPractico1.exe "src\\Menu.o" "src\\calculos.o" "src\\trabajoPractico1.o" 
c:/mingw/bin/../lib/gcc/mingw32/9.2.0/../../../../mingw32/bin/ld.exe: cannot open output file trabajoPractico1.exe: Permission denied
collect2.exe: error: ld returned 1 exit status
23:13:08 **** Incremental Build of configuration Debug for project trabajoPractico1 ****
Info: Internal Builder is used for build
gcc -o trabajoPractico1.exe "src\\Menu.o" "src\\calculos.o" "src\\trabajoPractico1.o" 
23:15:08 **** Incremental Build of configuration Debug for project trabajoPractico1 ****
Info: Internal Builder is used for build
gcc -O0 -g3 -Wall -c -fmessage-length=0 -o "src\\Menu.o" "..\\src\\Menu.c" 
gcc -o trabajoPractico1.exe "src\\Menu.o" "src\\calculos.o" "src\\trabajoPractico1.o" 
23:19:00 **** Incremental Build of configuration Debug for project trabajoPractico1 ****
Info: Internal Builder is used for build
gcc -O0 -g3 -Wall -c -fmessage-length=0 -o "src\\Menu.o" "..\\src\\Menu.c" 
gcc -o trabajoPractico1.exe "src\\Menu.o" "src\\calculos.o" "src\\trabajoPractico1.o" 
23:19:24 **** Incremental Build of configuration Debug for project trabajoPractico1 ****
Info: Internal Builder is used for build
gcc -O0 -g3 -Wall -c -fmessage-length=0 -o "src\\Menu.o" "..\\src\\Menu.c" 
gcc -o trabajoPractico1.exe "src\\Menu.o" "src\\calculos.o" "src\\trabajoPractico1.o" 
23:34:10 **** Incremental Build of configuration Debug for project trabajoPractico1 ****
Info: Internal Builder is used for build
gcc -O0 -g3 -Wall -c -fmessage-length=0 -o "src\\Menu.o" "..\\src\\Menu.c" 
gcc -o trabajoPractico1.exe "src\\Menu.o" "src\\calculos.o" "src\\trabajoPractico1.o" 
c:/mingw/bin/../lib/gcc/mingw32/9.2.0/../../../../mingw32/bin/ld.exe: cannot open output file trabajoPractico1.exe: Permission denied
collect2.exe: error: ld returned 1 exit status
23:34:14 **** Incremental Build of configuration Debug for project trabajoPractico1 ****
Info: Internal Builder is used for build
gcc -o trabajoPractico1.exe "src\\Menu.o" "src\\calculos.o" "src\\trabajoPractico1.o" 
23:37:21 **** Incremental Build of configuration Debug for project trabajoPractico1 ****
Info: Internal Builder is used for build
gcc -O0 -g3 -Wall -c -fmessage-length=0 -o "src\\Menu.o" "..\\src\\Menu.c" 
gcc -o trabajoPractico1.exe "src\\Menu.o" "src\\calculos.o" "src\\trabajoPractico1.o" 
c:/mingw/bin/../lib/gcc/mingw32/9.2.0/../../../../mingw32/bin/ld.exe: cannot open output file trabajoPractico1.exe: Permission denied
collect2.exe: error: ld returned 1 exit status
23:37:23 **** Incremental Build of configuration Debug for project trabajoPractico1 ****
Info: Internal Builder is used for build
gcc -o trabajoPractico1.exe "src\\Menu.o" "src\\calculos.o" "src\\trabajoPractico1.o" 
23:40:15 **** Incremental Build of configuration Debug for project trabajoPractico1 ****
Info: Internal Builder is used for build
gcc -O0 -g3 -Wall -c -fmessage-length=0 -o "src\\Menu.o" "..\\src\\Menu.c" 
gcc -o trabajoPractico1.exe "src\\Menu.o" "src\\calculos.o" "src\\trabajoPractico1.o" 
c:/mingw/bin/../lib/gcc/mingw32/9.2.0/../../../../mingw32/bin/ld.exe: cannot open output file trabajoPractico1.exe: Permission denied
collect2.exe: error: ld returned 1 exit status
23:40:17 **** Incremental Build of configuration Debug for project trabajoPractico1 ****
Info: Internal Builder is used for build
gcc -o trabajoPractico1.exe "src\\Menu.o" "src\\calculos.o" "src\\trabajoPractico1.o" 
23:45:47 **** Incremental Build of configuration Debug for project trabajoPractico1 ****
Info: Internal Builder is used for build
gcc -O0 -g3 -Wall -c -fmessage-length=0 -o "src\\Menu.o" "..\\src\\Menu.c" 
gcc -o trabajoPractico1.exe "src\\Menu.o" "src\\calculos.o" "src\\trabajoPractico1.o" 
23:46:21 **** Incremental Build of configuration Debug for project trabajoPractico1 ****
Info: Internal Builder is used for build
gcc -O0 -g3 -Wall -c -fmessage-length=0 -o "src\\Menu.o" "..\\src\\Menu.c" 
gcc -o trabajoPractico1.exe "src\\Menu.o" "src\\calculos.o" "src\\trabajoPractico1.o" 
23:49:07 **** Incremental Build of configuration Debug for project trabajoPractico1 ****
Info: Internal Builder is used for build
gcc -O0 -g3 -Wall -c -fmessage-length=0 -o "src\\Menu.o" "..\\src\\Menu.c" 
gcc -o trabajoPractico1.exe "src\\Menu.o" "src\\calculos.o" "src\\trabajoPractico1.o" 
00:54:08 **** Incremental Build of configuration Debug for project trabajoPractico1 ****
Info: Internal Builder is used for build
gcc -O0 -g3 -Wall -c -fmessage-length=0 -o "src\\Menu.o" "..\\src\\Menu.c" 
gcc -o trabajoPractico1.exe "src\\Menu.o" "src\\calculos.o" "src\\trabajoPractico1.o" 
Info: Nothing to build for trabajoPractico1
08:46:42 **** Incremental Build of configuration Debug for project trabajoPractico1 ****
Info: Internal Builder is used for build
gcc -O0 -g3 -Wall -c -fmessage-length=0 -o "src\\trabajoPractico1.o" "..\\src\\trabajoPractico1.c" 
gcc -O0 -g3 -Wall -c -fmessage-length=0 -o "src\\Menu.o" "..\\src\\Menu.c" 
gcc -O0 -g3 -Wall -c -fmessage-length=0 -o "src\\calculos.o" "..\\src\\calculos.c" 
gcc -o trabajoPractico1.exe "src\\Menu.o" "src\\calculos.o" "src\\trabajoPractico1.o" 
08:55:08 **** Incremental Build of configuration Debug for project trabajoPractico1 ****
Info: Internal Builder is used for build
gcc -O0 -g3 -Wall -c -fmessage-length=0 -o "src\\Menu.o" "..\\src\\Menu.c" 
gcc -o trabajoPractico1.exe "src\\Menu.o" "src\\calculos.o" "src\\trabajoPractico1.o" 
c:/mingw/bin/../lib/gcc/mingw32/9.2.0/../../../../mingw32/bin/ld.exe: cannot open output file trabajoPractico1.exe: Permission denied
collect2.exe: error: ld returned 1 exit status
08:55:20 **** Incremental Build of configuration Debug for project trabajoPractico1 ****
Info: Internal Builder is used for build
gcc -o trabajoPractico1.exe "src\\Menu.o" "src\\calculos.o" "src\\trabajoPractico1.o" 
08:56:00 **** Incremental Build of configuration Debug for project trabajoPractico1 ****
Info: Internal Builder is used for build
gcc -O0 -g3 -Wall -c -fmessage-length=0 -o "src\\Menu.o" "..\\src\\Menu.c" 
gcc -o trabajoPractico1.exe "src\\Menu.o" "src\\calculos.o" "src\\trabajoPractico1.o" 
Info: Nothing to build for trabajoPractico1
08:56:57 **** Incremental Build of configuration Debug for project trabajoPractico1 ****
Info: Internal Builder is used for build
gcc -O0 -g3 -Wall -c -fmessage-length=0 -o "src\\Menu.o" "..\\src\\Menu.c" 
gcc -o trabajoPractico1.exe "src\\Menu.o" "src\\calculos.o" "src\\trabajoPractico1.o" 
Info: Nothing to build for trabajoPractico1
08:57:14 **** Incremental Build of configuration Debug for project trabajoPractico1 ****
Info: Internal Builder is used for build
gcc -O0 -g3 -Wall -c -fmessage-length=0 -o "src\\Menu.o" "..\\src\\Menu.c" 
gcc -o trabajoPractico1.exe "src\\Menu.o" "src\\calculos.o" "src\\trabajoPractico1.o" 
c:/mingw/bin/../lib/gcc/mingw32/9.2.0/../../../../mingw32/bin/ld.exe: cannot open output file trabajoPractico1.exe: Permission denied
collect2.exe: error: ld returned 1 exit status
08:57:16 **** Incremental Build of configuration Debug for project trabajoPractico1 ****
Info: Internal Builder is used for build
gcc -o trabajoPractico1.exe "src\\Menu.o" "src\\calculos.o" "src\\trabajoPractico1.o" 
c:/mingw/bin/../lib/gcc/mingw32/9.2.0/../../../../mingw32/bin/ld.exe: cannot open output file trabajoPractico1.exe: Permission denied
collect2.exe: error: ld returned 1 exit status
08:57:17 **** Incremental Build of configuration Debug for project trabajoPractico1 ****
Info: Internal Builder is used for build
gcc -o trabajoPractico1.exe "src\\Menu.o" "src\\calculos.o" "src\\trabajoPractico1.o" 
